{"c:\\development\\categories\\node\\mpm.video\\index.js":{"path":"c:\\development\\categories\\node\\mpm.video\\index.js","s":{"1":1,"2":1,"3":1,"4":1,"5":1,"6":1,"7":1,"8":1,"9":0,"10":1,"11":0,"12":0,"13":0,"14":1,"15":1,"16":1,"17":1,"18":1,"19":1,"20":1,"21":1,"22":1,"23":2,"24":2,"25":1,"26":1,"27":1,"28":1,"29":1,"30":1,"31":1,"32":1,"33":1,"34":0,"35":0},"b":{"1":[1,0],"2":[1,0],"3":[0,1],"4":[1,1],"5":[1,1],"6":[0,1]},"f":{"1":1,"2":1,"3":0,"4":1,"5":2,"6":2,"7":1,"8":0},"fnMap":{"1":{"name":"(anonymous_1)","line":16,"loc":{"start":{"line":16,"column":16},"end":{"line":16,"column":30}}},"2":{"name":"(anonymous_2)","line":22,"loc":{"start":{"line":22,"column":25},"end":{"line":22,"column":36}}},"3":{"name":"(anonymous_3)","line":30,"loc":{"start":{"line":30,"column":29},"end":{"line":30,"column":40}}},"4":{"name":"(anonymous_4)","line":37,"loc":{"start":{"line":37,"column":14},"end":{"line":37,"column":25}}},"5":{"name":"(anonymous_5)","line":51,"loc":{"start":{"line":51,"column":31},"end":{"line":51,"column":56}}},"6":{"name":"(anonymous_6)","line":52,"loc":{"start":{"line":52,"column":33},"end":{"line":52,"column":55}}},"7":{"name":"(anonymous_7)","line":64,"loc":{"start":{"line":64,"column":13},"end":{"line":64,"column":32}}},"8":{"name":"(anonymous_8)","line":71,"loc":{"start":{"line":71,"column":51},"end":{"line":71,"column":62}}}},"statementMap":{"1":{"start":{"line":3,"column":0},"end":{"line":11,"column":30}},"2":{"start":{"line":14,"column":0},"end":{"line":14,"column":20}},"3":{"start":{"line":16,"column":0},"end":{"line":20,"column":3}},"4":{"start":{"line":17,"column":4},"end":{"line":19,"column":5}},"5":{"start":{"line":18,"column":8},"end":{"line":18,"column":72}},"6":{"start":{"line":22,"column":0},"end":{"line":24,"column":3}},"7":{"start":{"line":23,"column":4},"end":{"line":23,"column":47}},"8":{"start":{"line":26,"column":0},"end":{"line":28,"column":1}},"9":{"start":{"line":27,"column":4},"end":{"line":27,"column":44}},"10":{"start":{"line":30,"column":0},"end":{"line":36,"column":3}},"11":{"start":{"line":31,"column":4},"end":{"line":31,"column":51}},"12":{"start":{"line":32,"column":4},"end":{"line":32,"column":35}},"13":{"start":{"line":33,"column":4},"end":{"line":35,"column":8}},"14":{"start":{"line":37,"column":0},"end":{"line":45,"column":3}},"15":{"start":{"line":38,"column":4},"end":{"line":38,"column":35}},"16":{"start":{"line":39,"column":4},"end":{"line":39,"column":38}},"17":{"start":{"line":40,"column":4},"end":{"line":40,"column":31}},"18":{"start":{"line":41,"column":4},"end":{"line":41,"column":28}},"19":{"start":{"line":42,"column":4},"end":{"line":42,"column":32}},"20":{"start":{"line":43,"column":4},"end":{"line":43,"column":46}},"21":{"start":{"line":44,"column":4},"end":{"line":44,"column":30}},"22":{"start":{"line":51,"column":0},"end":{"line":61,"column":3}},"23":{"start":{"line":52,"column":4},"end":{"line":60,"column":7}},"24":{"start":{"line":53,"column":8},"end":{"line":58,"column":9}},"25":{"start":{"line":54,"column":12},"end":{"line":54,"column":35}},"26":{"start":{"line":55,"column":12},"end":{"line":57,"column":15}},"27":{"start":{"line":59,"column":8},"end":{"line":59,"column":37}},"28":{"start":{"line":62,"column":0},"end":{"line":62,"column":36}},"29":{"start":{"line":63,"column":0},"end":{"line":63,"column":42}},"30":{"start":{"line":64,"column":0},"end":{"line":66,"column":3}},"31":{"start":{"line":65,"column":4},"end":{"line":65,"column":24}},"32":{"start":{"line":68,"column":0},"end":{"line":68,"column":21}},"33":{"start":{"line":70,"column":0},"end":{"line":74,"column":1}},"34":{"start":{"line":71,"column":4},"end":{"line":73,"column":7}},"35":{"start":{"line":72,"column":8},"end":{"line":72,"column":75}}},"branchMap":{"1":{"line":17,"type":"if","locations":[{"start":{"line":17,"column":4},"end":{"line":17,"column":4}},{"start":{"line":17,"column":4},"end":{"line":17,"column":4}}]},"2":{"line":18,"type":"cond-expr","locations":[{"start":{"line":18,"column":55},"end":{"line":18,"column":64}},{"start":{"line":18,"column":67},"end":{"line":18,"column":70}}]},"3":{"line":26,"type":"if","locations":[{"start":{"line":26,"column":0},"end":{"line":26,"column":0}},{"start":{"line":26,"column":0},"end":{"line":26,"column":0}}]},"4":{"line":43,"type":"binary-expr","locations":[{"start":{"line":43,"column":20},"end":{"line":43,"column":36}},{"start":{"line":43,"column":40},"end":{"line":43,"column":44}}]},"5":{"line":53,"type":"if","locations":[{"start":{"line":53,"column":8},"end":{"line":53,"column":8}},{"start":{"line":53,"column":8},"end":{"line":53,"column":8}}]},"6":{"line":70,"type":"if","locations":[{"start":{"line":70,"column":0},"end":{"line":70,"column":0}},{"start":{"line":70,"column":0},"end":{"line":70,"column":0}}]}}},"c:\\development\\categories\\node\\mpm.video\\lib\\config.js":{"path":"c:\\development\\categories\\node\\mpm.video\\lib\\config.js","s":{"1":1,"2":1,"3":1,"4":1,"5":1,"6":1,"7":0,"8":1,"9":1,"10":1},"b":{"1":[0,1],"2":[1,0]},"f":{},"fnMap":{},"statementMap":{"1":{"start":{"line":1,"column":0},"end":{"line":1,"column":38}},"2":{"start":{"line":3,"column":0},"end":{"line":11,"column":2}},"3":{"start":{"line":13,"column":0},"end":{"line":18,"column":2}},"4":{"start":{"line":20,"column":0},"end":{"line":27,"column":2}},"5":{"start":{"line":29,"column":0},"end":{"line":29,"column":20}},"6":{"start":{"line":31,"column":0},"end":{"line":33,"column":1}},"7":{"start":{"line":32,"column":4},"end":{"line":32,"column":47}},"8":{"start":{"line":34,"column":0},"end":{"line":36,"column":1}},"9":{"start":{"line":35,"column":4},"end":{"line":35,"column":56}},"10":{"start":{"line":38,"column":0},"end":{"line":38,"column":24}}},"branchMap":{"1":{"line":31,"type":"if","locations":[{"start":{"line":31,"column":0},"end":{"line":31,"column":0}},{"start":{"line":31,"column":0},"end":{"line":31,"column":0}}]},"2":{"line":34,"type":"if","locations":[{"start":{"line":34,"column":0},"end":{"line":34,"column":0}},{"start":{"line":34,"column":0},"end":{"line":34,"column":0}}]}}},"c:\\development\\categories\\node\\mpm.video\\lib\\routes\\index.js":{"path":"c:\\development\\categories\\node\\mpm.video\\lib\\routes\\index.js","s":{"1":1},"b":{},"f":{},"fnMap":{},"statementMap":{"1":{"start":{"line":1,"column":0},"end":{"line":4,"column":2}}},"branchMap":{}},"c:\\development\\categories\\node\\mpm.video\\lib\\routes\\video.js":{"path":"c:\\development\\categories\\node\\mpm.video\\lib\\routes\\video.js","s":{"1":1,"2":1},"b":{},"f":{},"fnMap":{},"statementMap":{"1":{"start":{"line":2,"column":0},"end":{"line":2,"column":93}},"2":{"start":{"line":3,"column":0},"end":{"line":3,"column":21}}},"branchMap":{}},"c:\\development\\categories\\node\\mpm.video\\lib\\rest.js":{"path":"c:\\development\\categories\\node\\mpm.video\\lib\\rest.js","s":{"1":1,"2":1,"3":1,"4":1,"5":0,"6":0,"7":0,"8":0,"9":1,"10":1,"11":1,"12":2,"13":2,"14":2,"15":1,"16":2,"17":1,"18":0,"19":1,"20":2,"21":2,"22":2,"23":2,"24":2,"25":2,"26":2,"27":2,"28":2,"29":2,"30":2,"31":1,"32":11,"33":11,"34":11,"35":0,"36":0,"37":11,"38":1,"39":10,"40":1,"41":2,"42":1,"43":3,"44":1,"45":2,"46":1,"47":2,"48":1,"49":2,"50":1,"51":1,"52":3,"53":3,"54":1,"55":4,"56":1,"57":2,"58":1,"59":1,"60":1,"61":2,"62":1,"63":2,"64":1,"65":1,"66":1,"67":2,"68":2,"69":1,"70":3,"71":1,"72":2,"73":2,"74":1,"75":2,"76":2,"77":2,"78":2,"79":2,"80":1,"81":2,"82":1,"83":1,"84":2,"85":2,"86":0,"87":2,"88":2,"89":1,"90":2,"91":2,"92":2,"93":2,"94":2,"95":2,"96":2,"97":2,"98":2},"b":{"1":[2,0],"2":[2,2],"3":[2,0],"4":[2,0],"5":[2,0],"6":[2,0],"7":[2,0],"8":[0,11],"9":[1,10],"10":[3,3],"11":[0,2],"12":[2],"13":[2,0]},"f":{"1":0,"2":2,"3":2,"4":0,"5":2,"6":11,"7":11,"8":2,"9":3,"10":2,"11":2,"12":2,"13":3,"14":4,"15":2,"16":1,"17":2,"18":2,"19":2,"20":3,"21":2,"22":2,"23":2,"24":2,"25":2,"26":2,"27":2},"fnMap":{"1":{"name":"(anonymous_1)","line":8,"loc":{"start":{"line":8,"column":28},"end":{"line":8,"column":47}}},"2":{"name":"(anonymous_2)","line":21,"loc":{"start":{"line":21,"column":12},"end":{"line":21,"column":36}}},"3":{"name":"(anonymous_3)","line":26,"loc":{"start":{"line":26,"column":33},"end":{"line":26,"column":50}}},"4":{"name":"(anonymous_4)","line":27,"loc":{"start":{"line":27,"column":33},"end":{"line":27,"column":43}}},"5":{"name":"(anonymous_5)","line":28,"loc":{"start":{"line":28,"column":27},"end":{"line":28,"column":37}}},"6":{"name":"(anonymous_6)","line":46,"loc":{"start":{"line":46,"column":37},"end":{"line":46,"column":63}}},"7":{"name":"(anonymous_7)","line":48,"loc":{"start":{"line":48,"column":11},"end":{"line":48,"column":34}}},"8":{"name":"(anonymous_8)","line":59,"loc":{"start":{"line":59,"column":27},"end":{"line":59,"column":47}}},"9":{"name":"(anonymous_9)","line":62,"loc":{"start":{"line":62,"column":26},"end":{"line":62,"column":46}}},"10":{"name":"(anonymous_10)","line":65,"loc":{"start":{"line":65,"column":27},"end":{"line":65,"column":47}}},"11":{"name":"(anonymous_11)","line":68,"loc":{"start":{"line":68,"column":26},"end":{"line":68,"column":46}}},"12":{"name":"(anonymous_12)","line":71,"loc":{"start":{"line":71,"column":29},"end":{"line":71,"column":49}}},"13":{"name":"(anonymous_13)","line":84,"loc":{"start":{"line":84,"column":18},"end":{"line":84,"column":38}}},"14":{"name":"(anonymous_14)","line":88,"loc":{"start":{"line":88,"column":39},"end":{"line":88,"column":51}}},"15":{"name":"(anonymous_15)","line":91,"loc":{"start":{"line":91,"column":37},"end":{"line":91,"column":52}}},"16":{"name":"(anonymous_16)","line":94,"loc":{"start":{"line":94,"column":38},"end":{"line":94,"column":50}}},"17":{"name":"(anonymous_17)","line":97,"loc":{"start":{"line":97,"column":36},"end":{"line":97,"column":50}}},"18":{"name":"(anonymous_18)","line":106,"loc":{"start":{"line":106,"column":31},"end":{"line":106,"column":54}}},"19":{"name":"(anonymous_19)","line":112,"loc":{"start":{"line":112,"column":49},"end":{"line":112,"column":77}}},"20":{"name":"(anonymous_20)","line":116,"loc":{"start":{"line":116,"column":46},"end":{"line":116,"column":70}}},"21":{"name":"(anonymous_21)","line":119,"loc":{"start":{"line":119,"column":48},"end":{"line":119,"column":73}}},"22":{"name":"(anonymous_22)","line":123,"loc":{"start":{"line":123,"column":48},"end":{"line":123,"column":77}}},"23":{"name":"(anonymous_23)","line":124,"loc":{"start":{"line":124,"column":16},"end":{"line":124,"column":26}}},"24":{"name":"(anonymous_24)","line":131,"loc":{"start":{"line":131,"column":48},"end":{"line":131,"column":72}}},"25":{"name":"(anonymous_25)","line":138,"loc":{"start":{"line":138,"column":46},"end":{"line":138,"column":56}}},"26":{"name":"(anonymous_26)","line":139,"loc":{"start":{"line":139,"column":17},"end":{"line":139,"column":31}}},"27":{"name":"(anonymous_27)","line":157,"loc":{"start":{"line":157,"column":14},"end":{"line":157,"column":52}}}},"statementMap":{"1":{"start":{"line":2,"column":0},"end":{"line":2,"column":19}},"2":{"start":{"line":3,"column":0},"end":{"line":5,"column":32}},"3":{"start":{"line":7,"column":0},"end":{"line":7,"column":17}},"4":{"start":{"line":8,"column":0},"end":{"line":13,"column":2}},"5":{"start":{"line":9,"column":4},"end":{"line":9,"column":48}},"6":{"start":{"line":10,"column":4},"end":{"line":10,"column":27}},"7":{"start":{"line":11,"column":4},"end":{"line":11,"column":30}},"8":{"start":{"line":12,"column":4},"end":{"line":12,"column":32}},"9":{"start":{"line":14,"column":0},"end":{"line":14,"column":50}},"10":{"start":{"line":15,"column":0},"end":{"line":15,"column":56}},"11":{"start":{"line":21,"column":0},"end":{"line":25,"column":2}},"12":{"start":{"line":22,"column":4},"end":{"line":22,"column":34}},"13":{"start":{"line":23,"column":4},"end":{"line":23,"column":88}},"14":{"start":{"line":24,"column":4},"end":{"line":24,"column":20}},"15":{"start":{"line":26,"column":0},"end":{"line":26,"column":77}},"16":{"start":{"line":26,"column":51},"end":{"line":26,"column":75}},"17":{"start":{"line":27,"column":0},"end":{"line":27,"column":67}},"18":{"start":{"line":27,"column":44},"end":{"line":27,"column":65}},"19":{"start":{"line":28,"column":0},"end":{"line":45,"column":2}},"20":{"start":{"line":29,"column":4},"end":{"line":31,"column":5}},"21":{"start":{"line":30,"column":8},"end":{"line":30,"column":49}},"22":{"start":{"line":32,"column":4},"end":{"line":34,"column":5}},"23":{"start":{"line":33,"column":8},"end":{"line":33,"column":52}},"24":{"start":{"line":35,"column":4},"end":{"line":37,"column":5}},"25":{"start":{"line":36,"column":8},"end":{"line":36,"column":50}},"26":{"start":{"line":38,"column":4},"end":{"line":40,"column":5}},"27":{"start":{"line":39,"column":8},"end":{"line":39,"column":51}},"28":{"start":{"line":41,"column":4},"end":{"line":43,"column":5}},"29":{"start":{"line":42,"column":8},"end":{"line":42,"column":57}},"30":{"start":{"line":44,"column":4},"end":{"line":44,"column":21}},"31":{"start":{"line":46,"column":0},"end":{"line":58,"column":2}},"32":{"start":{"line":47,"column":4},"end":{"line":47,"column":18}},"33":{"start":{"line":48,"column":4},"end":{"line":57,"column":6}},"34":{"start":{"line":49,"column":8},"end":{"line":52,"column":9}},"35":{"start":{"line":50,"column":12},"end":{"line":50,"column":35}},"36":{"start":{"line":51,"column":12},"end":{"line":51,"column":46}},"37":{"start":{"line":53,"column":8},"end":{"line":55,"column":9}},"38":{"start":{"line":54,"column":12},"end":{"line":54,"column":81}},"39":{"start":{"line":56,"column":8},"end":{"line":56,"column":32}},"40":{"start":{"line":59,"column":0},"end":{"line":61,"column":2}},"41":{"start":{"line":60,"column":4},"end":{"line":60,"column":74}},"42":{"start":{"line":62,"column":0},"end":{"line":64,"column":2}},"43":{"start":{"line":63,"column":4},"end":{"line":63,"column":74}},"44":{"start":{"line":65,"column":0},"end":{"line":67,"column":2}},"45":{"start":{"line":66,"column":4},"end":{"line":66,"column":71}},"46":{"start":{"line":68,"column":0},"end":{"line":70,"column":2}},"47":{"start":{"line":69,"column":4},"end":{"line":69,"column":85}},"48":{"start":{"line":71,"column":0},"end":{"line":73,"column":2}},"49":{"start":{"line":72,"column":4},"end":{"line":72,"column":76}},"50":{"start":{"line":78,"column":0},"end":{"line":78,"column":18}},"51":{"start":{"line":84,"column":0},"end":{"line":87,"column":2}},"52":{"start":{"line":85,"column":4},"end":{"line":85,"column":22}},"53":{"start":{"line":86,"column":4},"end":{"line":86,"column":29}},"54":{"start":{"line":88,"column":0},"end":{"line":90,"column":2}},"55":{"start":{"line":89,"column":4},"end":{"line":89,"column":23}},"56":{"start":{"line":91,"column":0},"end":{"line":93,"column":2}},"57":{"start":{"line":92,"column":4},"end":{"line":92,"column":22}},"58":{"start":{"line":94,"column":0},"end":{"line":96,"column":2}},"59":{"start":{"line":95,"column":4},"end":{"line":95,"column":22}},"60":{"start":{"line":97,"column":0},"end":{"line":99,"column":2}},"61":{"start":{"line":98,"column":4},"end":{"line":98,"column":20}},"62":{"start":{"line":106,"column":0},"end":{"line":108,"column":2}},"63":{"start":{"line":107,"column":4},"end":{"line":107,"column":59}},"64":{"start":{"line":109,"column":0},"end":{"line":109,"column":66}},"65":{"start":{"line":110,"column":0},"end":{"line":110,"column":72}},"66":{"start":{"line":112,"column":0},"end":{"line":115,"column":2}},"67":{"start":{"line":113,"column":4},"end":{"line":113,"column":36}},"68":{"start":{"line":114,"column":4},"end":{"line":114,"column":36}},"69":{"start":{"line":116,"column":0},"end":{"line":118,"column":2}},"70":{"start":{"line":117,"column":4},"end":{"line":117,"column":45}},"71":{"start":{"line":119,"column":0},"end":{"line":122,"column":2}},"72":{"start":{"line":120,"column":4},"end":{"line":120,"column":37}},"73":{"start":{"line":121,"column":4},"end":{"line":121,"column":32}},"74":{"start":{"line":123,"column":0},"end":{"line":130,"column":2}},"75":{"start":{"line":124,"column":4},"end":{"line":128,"column":9}},"76":{"start":{"line":125,"column":8},"end":{"line":125,"column":37}},"77":{"start":{"line":126,"column":8},"end":{"line":126,"column":24}},"78":{"start":{"line":127,"column":8},"end":{"line":127,"column":20}},"79":{"start":{"line":129,"column":4},"end":{"line":129,"column":66}},"80":{"start":{"line":131,"column":0},"end":{"line":133,"column":2}},"81":{"start":{"line":132,"column":4},"end":{"line":132,"column":61}},"82":{"start":{"line":134,"column":0},"end":{"line":134,"column":30}},"83":{"start":{"line":138,"column":0},"end":{"line":148,"column":2}},"84":{"start":{"line":139,"column":4},"end":{"line":147,"column":6}},"85":{"start":{"line":140,"column":8},"end":{"line":142,"column":9}},"86":{"start":{"line":141,"column":12},"end":{"line":141,"column":24}},"87":{"start":{"line":143,"column":8},"end":{"line":146,"column":9}},"88":{"start":{"line":145,"column":16},"end":{"line":145,"column":58}},"89":{"start":{"line":157,"column":0},"end":{"line":167,"column":2}},"90":{"start":{"line":158,"column":4},"end":{"line":158,"column":27}},"91":{"start":{"line":159,"column":4},"end":{"line":159,"column":24}},"92":{"start":{"line":160,"column":4},"end":{"line":160,"column":78}},"93":{"start":{"line":161,"column":4},"end":{"line":161,"column":56}},"94":{"start":{"line":162,"column":4},"end":{"line":162,"column":28}},"95":{"start":{"line":163,"column":4},"end":{"line":163,"column":34}},"96":{"start":{"line":164,"column":4},"end":{"line":164,"column":40}},"97":{"start":{"line":165,"column":4},"end":{"line":165,"column":26}},"98":{"start":{"line":166,"column":4},"end":{"line":166,"column":22}}},"branchMap":{"1":{"line":22,"type":"binary-expr","locations":[{"start":{"line":22,"column":20},"end":{"line":22,"column":27}},{"start":{"line":22,"column":31},"end":{"line":22,"column":33}}]},"2":{"line":23,"type":"binary-expr","locations":[{"start":{"line":23,"column":27},"end":{"line":23,"column":47}},{"start":{"line":23,"column":51},"end":{"line":23,"column":87}}]},"3":{"line":29,"type":"if","locations":[{"start":{"line":29,"column":4},"end":{"line":29,"column":4}},{"start":{"line":29,"column":4},"end":{"line":29,"column":4}}]},"4":{"line":32,"type":"if","locations":[{"start":{"line":32,"column":4},"end":{"line":32,"column":4}},{"start":{"line":32,"column":4},"end":{"line":32,"column":4}}]},"5":{"line":35,"type":"if","locations":[{"start":{"line":35,"column":4},"end":{"line":35,"column":4}},{"start":{"line":35,"column":4},"end":{"line":35,"column":4}}]},"6":{"line":38,"type":"if","locations":[{"start":{"line":38,"column":4},"end":{"line":38,"column":4}},{"start":{"line":38,"column":4},"end":{"line":38,"column":4}}]},"7":{"line":41,"type":"if","locations":[{"start":{"line":41,"column":4},"end":{"line":41,"column":4}},{"start":{"line":41,"column":4},"end":{"line":41,"column":4}}]},"8":{"line":49,"type":"if","locations":[{"start":{"line":49,"column":8},"end":{"line":49,"column":8}},{"start":{"line":49,"column":8},"end":{"line":49,"column":8}}]},"9":{"line":53,"type":"if","locations":[{"start":{"line":53,"column":8},"end":{"line":53,"column":8}},{"start":{"line":53,"column":8},"end":{"line":53,"column":8}}]},"10":{"line":86,"type":"binary-expr","locations":[{"start":{"line":86,"column":15},"end":{"line":86,"column":19}},{"start":{"line":86,"column":21},"end":{"line":86,"column":28}}]},"11":{"line":140,"type":"if","locations":[{"start":{"line":140,"column":8},"end":{"line":140,"column":8}},{"start":{"line":140,"column":8},"end":{"line":140,"column":8}}]},"12":{"line":143,"type":"switch","locations":[{"start":{"line":144,"column":12},"end":{"line":145,"column":58}}]},"13":{"line":158,"type":"binary-expr","locations":[{"start":{"line":158,"column":13},"end":{"line":158,"column":20}},{"start":{"line":158,"column":24},"end":{"line":158,"column":26}}]}}},"c:\\development\\categories\\node\\mpm.video\\lib\\db.js":{"path":"c:\\development\\categories\\node\\mpm.video\\lib\\db.js","s":{"1":1,"2":1,"3":1,"4":1,"5":1,"6":1,"7":3,"8":3,"9":2,"10":2,"11":0,"12":2,"13":2,"14":1,"15":1,"16":1,"17":1,"18":1},"b":{"1":[1,0],"2":[2,1],"3":[0,2]},"f":{"1":3,"2":2},"fnMap":{"1":{"name":"(anonymous_1)","line":38,"loc":{"start":{"line":38,"column":30},"end":{"line":38,"column":54}}},"2":{"name":"(anonymous_2)","line":41,"loc":{"start":{"line":41,"column":57},"end":{"line":41,"column":76}}}},"statementMap":{"1":{"start":{"line":2,"column":0},"end":{"line":7,"column":67}},"2":{"start":{"line":9,"column":0},"end":{"line":9,"column":55}},"3":{"start":{"line":11,"column":0},"end":{"line":13,"column":3}},"4":{"start":{"line":14,"column":0},"end":{"line":14,"column":42}},"5":{"start":{"line":16,"column":0},"end":{"line":35,"column":3}},"6":{"start":{"line":38,"column":0},"end":{"line":50,"column":2}},"7":{"start":{"line":39,"column":4},"end":{"line":39,"column":72}},"8":{"start":{"line":40,"column":4},"end":{"line":48,"column":5}},"9":{"start":{"line":41,"column":8},"end":{"line":47,"column":11}},"10":{"start":{"line":42,"column":12},"end":{"line":44,"column":13}},"11":{"start":{"line":43,"column":16},"end":{"line":43,"column":92}},"12":{"start":{"line":45,"column":12},"end":{"line":45,"column":39}},"13":{"start":{"line":46,"column":12},"end":{"line":46,"column":40}},"14":{"start":{"line":49,"column":4},"end":{"line":49,"column":80}},"15":{"start":{"line":52,"column":0},"end":{"line":52,"column":45}},"16":{"start":{"line":54,"column":0},"end":{"line":58,"column":3}},"17":{"start":{"line":60,"column":0},"end":{"line":60,"column":54}},"18":{"start":{"line":66,"column":0},"end":{"line":66,"column":26}}},"branchMap":{"1":{"line":9,"type":"binary-expr","locations":[{"start":{"line":9,"column":22},"end":{"line":9,"column":34}},{"start":{"line":9,"column":38},"end":{"line":9,"column":53}}]},"2":{"line":40,"type":"if","locations":[{"start":{"line":40,"column":4},"end":{"line":40,"column":4}},{"start":{"line":40,"column":4},"end":{"line":40,"column":4}}]},"3":{"line":42,"type":"if","locations":[{"start":{"line":42,"column":12},"end":{"line":42,"column":12}},{"start":{"line":42,"column":12},"end":{"line":42,"column":12}}]}}},"c:\\development\\categories\\node\\mpm.video\\lib\\video-urlparser.js":{"path":"c:\\development\\categories\\node\\mpm.video\\lib\\video-urlparser.js","s":{"1":1,"2":1,"3":3,"4":3,"5":0,"6":0,"7":0,"8":0,"9":0,"10":0,"11":0,"12":0,"13":3,"14":3,"15":3,"16":3,"17":3,"18":3,"19":3,"20":3,"21":1,"22":6,"23":1,"24":0,"25":1,"26":0,"27":1,"28":0,"29":1,"30":1,"31":1,"32":1,"33":6,"34":6,"35":6,"36":1,"37":1,"38":1,"39":4,"40":1,"41":6,"42":1,"43":3,"44":3,"45":3,"46":1,"47":8,"48":1,"49":3,"50":1,"51":3,"52":3,"53":1,"54":3,"55":3,"56":3,"57":3,"58":0,"59":3,"60":3,"61":1},"b":{"1":[0,3],"2":[3,0],"3":[0,3]},"f":{"1":3,"2":6,"3":0,"4":0,"5":0,"6":1,"7":6,"8":4,"9":6,"10":3,"11":8,"12":3,"13":3,"14":3,"15":3},"fnMap":{"1":{"name":"(anonymous_1)","line":20,"loc":{"start":{"line":20,"column":16},"end":{"line":20,"column":108}}},"2":{"name":"(anonymous_2)","line":47,"loc":{"start":{"line":47,"column":17},"end":{"line":47,"column":33}}},"3":{"name":"(anonymous_3)","line":56,"loc":{"start":{"line":56,"column":42},"end":{"line":56,"column":66}}},"4":{"name":"(anonymous_4)","line":63,"loc":{"start":{"line":63,"column":36},"end":{"line":63,"column":51}}},"5":{"name":"(anonymous_5)","line":69,"loc":{"start":{"line":69,"column":34},"end":{"line":69,"column":49}}},"6":{"name":"(anonymous_6)","line":76,"loc":{"start":{"line":76,"column":29},"end":{"line":76,"column":54}}},"7":{"name":"(anonymous_7)","line":86,"loc":{"start":{"line":86,"column":23},"end":{"line":86,"column":41}}},"8":{"name":"(anonymous_8)","line":93,"loc":{"start":{"line":93,"column":39},"end":{"line":93,"column":51}}},"9":{"name":"(anonymous_9)","line":96,"loc":{"start":{"line":96,"column":39},"end":{"line":96,"column":57}}},"10":{"name":"(anonymous_10)","line":99,"loc":{"start":{"line":99,"column":42},"end":{"line":99,"column":57}}},"11":{"name":"(anonymous_11)","line":105,"loc":{"start":{"line":105,"column":40},"end":{"line":105,"column":55}}},"12":{"name":"(anonymous_12)","line":108,"loc":{"start":{"line":108,"column":39},"end":{"line":108,"column":66}}},"13":{"name":"(anonymous_13)","line":114,"loc":{"start":{"line":114,"column":49},"end":{"line":114,"column":74}}},"14":{"name":"(anonymous_14)","line":118,"loc":{"start":{"line":118,"column":48},"end":{"line":118,"column":72}}},"15":{"name":"(anonymous_15)","line":122,"loc":{"start":{"line":122,"column":33},"end":{"line":122,"column":74}}}},"statementMap":{"1":{"start":{"line":2,"column":0},"end":{"line":7,"column":35}},"2":{"start":{"line":20,"column":0},"end":{"line":41,"column":2}},"3":{"start":{"line":21,"column":4},"end":{"line":21,"column":30}},"4":{"start":{"line":22,"column":4},"end":{"line":40,"column":5}},"5":{"start":{"line":23,"column":8},"end":{"line":23,"column":34}},"6":{"start":{"line":24,"column":8},"end":{"line":24,"column":46}},"7":{"start":{"line":25,"column":8},"end":{"line":25,"column":42}},"8":{"start":{"line":26,"column":8},"end":{"line":26,"column":40}},"9":{"start":{"line":27,"column":8},"end":{"line":27,"column":46}},"10":{"start":{"line":28,"column":8},"end":{"line":28,"column":44}},"11":{"start":{"line":29,"column":8},"end":{"line":29,"column":40}},"12":{"start":{"line":30,"column":8},"end":{"line":30,"column":32}},"13":{"start":{"line":32,"column":8},"end":{"line":32,"column":27}},"14":{"start":{"line":33,"column":8},"end":{"line":33,"column":39}},"15":{"start":{"line":34,"column":8},"end":{"line":34,"column":35}},"16":{"start":{"line":35,"column":8},"end":{"line":35,"column":33}},"17":{"start":{"line":36,"column":8},"end":{"line":36,"column":39}},"18":{"start":{"line":37,"column":8},"end":{"line":37,"column":37}},"19":{"start":{"line":38,"column":8},"end":{"line":38,"column":33}},"20":{"start":{"line":39,"column":8},"end":{"line":39,"column":25}},"21":{"start":{"line":47,"column":0},"end":{"line":49,"column":2}},"22":{"start":{"line":48,"column":4},"end":{"line":48,"column":21}},"23":{"start":{"line":56,"column":0},"end":{"line":56,"column":76}},"24":{"start":{"line":56,"column":67},"end":{"line":56,"column":74}},"25":{"start":{"line":63,"column":0},"end":{"line":63,"column":61}},"26":{"start":{"line":63,"column":52},"end":{"line":63,"column":59}},"27":{"start":{"line":69,"column":0},"end":{"line":69,"column":59}},"28":{"start":{"line":69,"column":50},"end":{"line":69,"column":57}},"29":{"start":{"line":76,"column":0},"end":{"line":78,"column":2}},"30":{"start":{"line":77,"column":4},"end":{"line":77,"column":51}},"31":{"start":{"line":79,"column":0},"end":{"line":79,"column":39}},"32":{"start":{"line":86,"column":0},"end":{"line":90,"column":2}},"33":{"start":{"line":87,"column":4},"end":{"line":87,"column":37}},"34":{"start":{"line":88,"column":4},"end":{"line":88,"column":77}},"35":{"start":{"line":89,"column":4},"end":{"line":89,"column":27}},"36":{"start":{"line":91,"column":0},"end":{"line":91,"column":65}},"37":{"start":{"line":92,"column":0},"end":{"line":92,"column":52}},"38":{"start":{"line":93,"column":0},"end":{"line":95,"column":2}},"39":{"start":{"line":94,"column":4},"end":{"line":94,"column":24}},"40":{"start":{"line":96,"column":0},"end":{"line":98,"column":2}},"41":{"start":{"line":97,"column":4},"end":{"line":97,"column":26}},"42":{"start":{"line":99,"column":0},"end":{"line":104,"column":2}},"43":{"start":{"line":100,"column":4},"end":{"line":103,"column":5}},"44":{"start":{"line":101,"column":8},"end":{"line":101,"column":43}},"45":{"start":{"line":102,"column":8},"end":{"line":102,"column":39}},"46":{"start":{"line":105,"column":0},"end":{"line":107,"column":2}},"47":{"start":{"line":106,"column":4},"end":{"line":106,"column":33}},"48":{"start":{"line":108,"column":0},"end":{"line":113,"column":2}},"49":{"start":{"line":109,"column":4},"end":{"line":112,"column":17}},"50":{"start":{"line":114,"column":0},"end":{"line":117,"column":2}},"51":{"start":{"line":115,"column":4},"end":{"line":115,"column":36}},"52":{"start":{"line":116,"column":4},"end":{"line":116,"column":49}},"53":{"start":{"line":118,"column":0},"end":{"line":137,"column":2}},"54":{"start":{"line":119,"column":4},"end":{"line":121,"column":6}},"55":{"start":{"line":122,"column":4},"end":{"line":136,"column":7}},"56":{"start":{"line":123,"column":8},"end":{"line":123,"column":37}},"57":{"start":{"line":124,"column":8},"end":{"line":126,"column":9}},"58":{"start":{"line":125,"column":12},"end":{"line":125,"column":73}},"59":{"start":{"line":127,"column":8},"end":{"line":134,"column":24}},"60":{"start":{"line":135,"column":8},"end":{"line":135,"column":127}},"61":{"start":{"line":139,"column":0},"end":{"line":141,"column":2}}},"branchMap":{"1":{"line":22,"type":"if","locations":[{"start":{"line":22,"column":4},"end":{"line":22,"column":4}},{"start":{"line":22,"column":4},"end":{"line":22,"column":4}}]},"2":{"line":100,"type":"if","locations":[{"start":{"line":100,"column":4},"end":{"line":100,"column":4}},{"start":{"line":100,"column":4},"end":{"line":100,"column":4}}]},"3":{"line":124,"type":"if","locations":[{"start":{"line":124,"column":8},"end":{"line":124,"column":8}},{"start":{"line":124,"column":8},"end":{"line":124,"column":8}}]}}},"c:\\development\\categories\\node\\mpm.video\\lib\\routes\\playlist.js":{"path":"c:\\development\\categories\\node\\mpm.video\\lib\\routes\\playlist.js","s":{"1":1,"2":1},"b":{},"f":{},"fnMap":{},"statementMap":{"1":{"start":{"line":3,"column":0},"end":{"line":5,"column":32}},"2":{"start":{"line":7,"column":0},"end":{"line":7,"column":70}}},"branchMap":{}},"c:\\development\\categories\\node\\mpm.video\\lib\\logger.js":{"path":"c:\\development\\categories\\node\\mpm.video\\lib\\logger.js","s":{"1":1,"2":1,"3":1,"4":1,"5":1,"6":1,"7":1,"8":1,"9":14,"10":14,"11":1,"12":1,"13":1},"b":{"1":[1,0]},"f":{"1":1,"2":14},"fnMap":{"1":{"name":"(anonymous_1)","line":24,"loc":{"start":{"line":24,"column":21},"end":{"line":24,"column":44}}},"2":{"name":"(anonymous_2)","line":28,"loc":{"start":{"line":28,"column":11},"end":{"line":28,"column":36}}}},"statementMap":{"1":{"start":{"line":10,"column":1},"end":{"line":10,"column":34}},"2":{"start":{"line":15,"column":1},"end":{"line":15,"column":51}},"3":{"start":{"line":17,"column":1},"end":{"line":17,"column":86}},"4":{"start":{"line":24,"column":1},"end":{"line":34,"column":3}},"5":{"start":{"line":25,"column":2},"end":{"line":25,"column":31}},"6":{"start":{"line":26,"column":2},"end":{"line":26,"column":67}},"7":{"start":{"line":27,"column":2},"end":{"line":27,"column":28}},"8":{"start":{"line":28,"column":2},"end":{"line":31,"column":4}},"9":{"start":{"line":29,"column":3},"end":{"line":29,"column":25}},"10":{"start":{"line":30,"column":3},"end":{"line":30,"column":10}},"11":{"start":{"line":32,"column":2},"end":{"line":32,"column":20}},"12":{"start":{"line":33,"column":2},"end":{"line":33,"column":11}},"13":{"start":{"line":36,"column":1},"end":{"line":36,"column":25}}},"branchMap":{"1":{"line":25,"type":"binary-expr","locations":[{"start":{"line":25,"column":12},"end":{"line":25,"column":19}},{"start":{"line":25,"column":23},"end":{"line":25,"column":30}}]}}},"c:\\development\\categories\\node\\mpm.video\\lib\\index.js":{"path":"c:\\development\\categories\\node\\mpm.video\\lib\\index.js","s":{"1":1},"b":{},"f":{},"fnMap":{},"statementMap":{"1":{"start":{"line":1,"column":0},"end":{"line":7,"column":2}}},"branchMap":{}}}