TN:
SF:c:\development\categories\node\mpm.video\index.js
FN:16,(anonymous_1)
FN:22,(anonymous_2)
FN:30,(anonymous_3)
FN:37,(anonymous_4)
FN:51,(anonymous_5)
FN:52,(anonymous_6)
FN:64,(anonymous_7)
FN:71,(anonymous_8)
FNF:8
FNH:6
FNDA:1,(anonymous_1)
FNDA:1,(anonymous_2)
FNDA:0,(anonymous_3)
FNDA:1,(anonymous_4)
FNDA:2,(anonymous_5)
FNDA:2,(anonymous_6)
FNDA:1,(anonymous_7)
FNDA:0,(anonymous_8)
DA:3,1
DA:14,1
DA:16,1
DA:17,1
DA:18,1
DA:22,1
DA:23,1
DA:26,1
DA:27,0
DA:30,1
DA:31,0
DA:32,0
DA:33,0
DA:37,1
DA:38,1
DA:39,1
DA:40,1
DA:41,1
DA:42,1
DA:43,1
DA:44,1
DA:51,1
DA:52,2
DA:53,2
DA:54,1
DA:55,1
DA:59,1
DA:62,1
DA:63,1
DA:64,1
DA:65,1
DA:68,1
DA:70,1
DA:71,0
DA:72,0
LF:35
LH:29
BRDA:17,1,0,1
BRDA:17,1,1,0
BRDA:18,2,0,1
BRDA:18,2,1,0
BRDA:26,3,0,0
BRDA:26,3,1,1
BRDA:43,4,0,1
BRDA:43,4,1,1
BRDA:53,5,0,1
BRDA:53,5,1,1
BRDA:70,6,0,0
BRDA:70,6,1,1
BRF:12
BRH:8
end_of_record
TN:
SF:c:\development\categories\node\mpm.video\lib\config.js
FNF:0
FNH:0
DA:1,1
DA:3,1
DA:13,1
DA:20,1
DA:29,1
DA:31,1
DA:32,0
DA:34,1
DA:35,1
DA:38,1
LF:10
LH:9
BRDA:31,1,0,0
BRDA:31,1,1,1
BRDA:34,2,0,1
BRDA:34,2,1,0
BRF:4
BRH:2
end_of_record
TN:
SF:c:\development\categories\node\mpm.video\lib\routes\index.js
FNF:0
FNH:0
DA:1,1
LF:1
LH:1
BRF:0
BRH:0
end_of_record
TN:
SF:c:\development\categories\node\mpm.video\lib\routes\video.js
FNF:0
FNH:0
DA:2,1
DA:3,1
LF:2
LH:2
BRF:0
BRH:0
end_of_record
TN:
SF:c:\development\categories\node\mpm.video\lib\rest.js
FN:8,(anonymous_1)
FN:21,(anonymous_2)
FN:26,(anonymous_3)
FN:27,(anonymous_4)
FN:28,(anonymous_5)
FN:46,(anonymous_6)
FN:48,(anonymous_7)
FN:59,(anonymous_8)
FN:62,(anonymous_9)
FN:65,(anonymous_10)
FN:68,(anonymous_11)
FN:71,(anonymous_12)
FN:84,(anonymous_13)
FN:88,(anonymous_14)
FN:91,(anonymous_15)
FN:94,(anonymous_16)
FN:97,(anonymous_17)
FN:106,(anonymous_18)
FN:112,(anonymous_19)
FN:116,(anonymous_20)
FN:119,(anonymous_21)
FN:123,(anonymous_22)
FN:124,(anonymous_23)
FN:131,(anonymous_24)
FN:138,(anonymous_25)
FN:139,(anonymous_26)
FN:157,(anonymous_27)
FNF:27
FNH:25
FNDA:0,(anonymous_1)
FNDA:2,(anonymous_2)
FNDA:2,(anonymous_3)
FNDA:0,(anonymous_4)
FNDA:2,(anonymous_5)
FNDA:11,(anonymous_6)
FNDA:11,(anonymous_7)
FNDA:2,(anonymous_8)
FNDA:3,(anonymous_9)
FNDA:2,(anonymous_10)
FNDA:2,(anonymous_11)
FNDA:2,(anonymous_12)
FNDA:3,(anonymous_13)
FNDA:4,(anonymous_14)
FNDA:2,(anonymous_15)
FNDA:1,(anonymous_16)
FNDA:2,(anonymous_17)
FNDA:2,(anonymous_18)
FNDA:2,(anonymous_19)
FNDA:3,(anonymous_20)
FNDA:2,(anonymous_21)
FNDA:2,(anonymous_22)
FNDA:2,(anonymous_23)
FNDA:2,(anonymous_24)
FNDA:2,(anonymous_25)
FNDA:2,(anonymous_26)
FNDA:2,(anonymous_27)
DA:2,1
DA:3,1
DA:7,1
DA:8,1
DA:9,0
DA:10,0
DA:11,0
DA:12,0
DA:14,1
DA:15,1
DA:21,1
DA:22,2
DA:23,2
DA:24,2
DA:26,2
DA:27,1
DA:28,1
DA:29,2
DA:30,2
DA:32,2
DA:33,2
DA:35,2
DA:36,2
DA:38,2
DA:39,2
DA:41,2
DA:42,2
DA:44,2
DA:46,1
DA:47,11
DA:48,11
DA:49,11
DA:50,0
DA:51,0
DA:53,11
DA:54,1
DA:56,10
DA:59,1
DA:60,2
DA:62,1
DA:63,3
DA:65,1
DA:66,2
DA:68,1
DA:69,2
DA:71,1
DA:72,2
DA:78,1
DA:84,1
DA:85,3
DA:86,3
DA:88,1
DA:89,4
DA:91,1
DA:92,2
DA:94,1
DA:95,1
DA:97,1
DA:98,2
DA:106,1
DA:107,2
DA:109,1
DA:110,1
DA:112,1
DA:113,2
DA:114,2
DA:116,1
DA:117,3
DA:119,1
DA:120,2
DA:121,2
DA:123,1
DA:124,2
DA:125,2
DA:126,2
DA:127,2
DA:129,2
DA:131,1
DA:132,2
DA:134,1
DA:138,1
DA:139,2
DA:140,2
DA:141,0
DA:143,2
DA:145,2
DA:157,1
DA:158,2
DA:159,2
DA:160,2
DA:161,2
DA:162,2
DA:163,2
DA:164,2
DA:165,2
DA:166,2
LF:96
LH:89
BRDA:22,1,0,2
BRDA:22,1,1,0
BRDA:23,2,0,2
BRDA:23,2,1,2
BRDA:29,3,0,2
BRDA:29,3,1,0
BRDA:32,4,0,2
BRDA:32,4,1,0
BRDA:35,5,0,2
BRDA:35,5,1,0
BRDA:38,6,0,2
BRDA:38,6,1,0
BRDA:41,7,0,2
BRDA:41,7,1,0
BRDA:49,8,0,0
BRDA:49,8,1,11
BRDA:53,9,0,1
BRDA:53,9,1,10
BRDA:86,10,0,3
BRDA:86,10,1,3
BRDA:140,11,0,0
BRDA:140,11,1,2
BRDA:143,12,0,2
BRDA:158,13,0,2
BRDA:158,13,1,0
BRF:25
BRH:16
end_of_record
TN:
SF:c:\development\categories\node\mpm.video\lib\db.js
FN:38,(anonymous_1)
FN:41,(anonymous_2)
FNF:2
FNH:2
FNDA:3,(anonymous_1)
FNDA:2,(anonymous_2)
DA:2,1
DA:9,1
DA:11,1
DA:14,1
DA:16,1
DA:38,1
DA:39,3
DA:40,3
DA:41,2
DA:42,2
DA:43,0
DA:45,2
DA:46,2
DA:49,1
DA:52,1
DA:54,1
DA:60,1
DA:66,1
LF:18
LH:17
BRDA:9,1,0,1
BRDA:9,1,1,0
BRDA:40,2,0,2
BRDA:40,2,1,1
BRDA:42,3,0,0
BRDA:42,3,1,2
BRF:6
BRH:4
end_of_record
TN:
SF:c:\development\categories\node\mpm.video\lib\video-urlparser.js
FN:20,(anonymous_1)
FN:47,(anonymous_2)
FN:56,(anonymous_3)
FN:63,(anonymous_4)
FN:69,(anonymous_5)
FN:76,(anonymous_6)
FN:86,(anonymous_7)
FN:93,(anonymous_8)
FN:96,(anonymous_9)
FN:99,(anonymous_10)
FN:105,(anonymous_11)
FN:108,(anonymous_12)
FN:114,(anonymous_13)
FN:118,(anonymous_14)
FN:122,(anonymous_15)
FNF:15
FNH:12
FNDA:3,(anonymous_1)
FNDA:6,(anonymous_2)
FNDA:0,(anonymous_3)
FNDA:0,(anonymous_4)
FNDA:0,(anonymous_5)
FNDA:1,(anonymous_6)
FNDA:6,(anonymous_7)
FNDA:4,(anonymous_8)
FNDA:6,(anonymous_9)
FNDA:3,(anonymous_10)
FNDA:8,(anonymous_11)
FNDA:3,(anonymous_12)
FNDA:3,(anonymous_13)
FNDA:3,(anonymous_14)
FNDA:3,(anonymous_15)
DA:2,1
DA:20,1
DA:21,3
DA:22,3
DA:23,0
DA:24,0
DA:25,0
DA:26,0
DA:27,0
DA:28,0
DA:29,0
DA:30,0
DA:32,3
DA:33,3
DA:34,3
DA:35,3
DA:36,3
DA:37,3
DA:38,3
DA:39,3
DA:47,1
DA:48,6
DA:56,1
DA:63,1
DA:69,1
DA:76,1
DA:77,1
DA:79,1
DA:86,1
DA:87,6
DA:88,6
DA:89,6
DA:91,1
DA:92,1
DA:93,1
DA:94,4
DA:96,1
DA:97,6
DA:99,1
DA:100,3
DA:101,3
DA:102,3
DA:105,1
DA:106,8
DA:108,1
DA:109,3
DA:114,1
DA:115,3
DA:116,3
DA:118,1
DA:119,3
DA:122,3
DA:123,3
DA:124,3
DA:125,0
DA:127,3
DA:135,3
DA:139,1
LF:58
LH:49
BRDA:22,1,0,0
BRDA:22,1,1,3
BRDA:100,2,0,3
BRDA:100,2,1,0
BRDA:124,3,0,0
BRDA:124,3,1,3
BRF:6
BRH:3
end_of_record
TN:
SF:c:\development\categories\node\mpm.video\lib\routes\playlist.js
FNF:0
FNH:0
DA:3,1
DA:7,1
LF:2
LH:2
BRF:0
BRH:0
end_of_record
TN:
SF:c:\development\categories\node\mpm.video\lib\logger.js
FN:24,(anonymous_1)
FN:28,(anonymous_2)
FNF:2
FNH:2
FNDA:1,(anonymous_1)
FNDA:14,(anonymous_2)
DA:10,1
DA:15,1
DA:17,1
DA:24,1
DA:25,1
DA:26,1
DA:27,1
DA:28,1
DA:29,14
DA:30,14
DA:32,1
DA:33,1
DA:36,1
LF:13
LH:13
BRDA:25,1,0,1
BRDA:25,1,1,0
BRF:2
BRH:1
end_of_record
TN:
SF:c:\development\categories\node\mpm.video\lib\index.js
FNF:0
FNH:0
DA:1,1
LF:1
LH:1
BRF:0
BRH:0
end_of_record
